<?xml version="1.0" encoding="UTF-8"?>
<!-- Generated by org.testng.reporters.JUnitReportReporter -->
<testsuite hostname="LAPTOP-F186DO99" failures="0" tests="1" name="com.example.tests.FirstClass" time="0.030" errors="0" timestamp="2024-10-11T12:08:26 IST" skipped="0">
  <testcase classname="com.example.tests.FirstClass" name="testSubtraction" time="0.030"/>
  <system-out/>
</testsuite> <!-- com.example.tests.FirstClass -->
